kotlin version: 2.0.21
error message: org.jetbrains.kotlin.backend.common.BackendException: Backend Internal error: Exception during IR lowering
File being compiled: /Users/vengateshm/AndroidProjects/AndroidJitpackLibraries/confetti-animation/src/main/java/dev/vengateshm/confetti_animation/ConfettiCelebration.kt
The root cause java.lang.RuntimeException was thrown at: org.jetbrains.kotlin.backend.jvm.codegen.FunctionCodegen.generate(FunctionCodegen.kt:47)
	at org.jetbrains.kotlin.backend.common.CodegenUtil.reportBackendException(CodegenUtil.kt:253)
	at org.jetbrains.kotlin.backend.common.CodegenUtil.reportBackendException$default(CodegenUtil.kt:236)
	at org.jetbrains.kotlin.backend.common.phaser.PerformByIrFilePhase.invokeSequential(performByIrFile.kt:65)
	at org.jetbrains.kotlin.backend.common.phaser.PerformByIrFilePhase.invoke(performByIrFile.kt:52)
	at org.jetbrains.kotlin.backend.common.phaser.PerformByIrFilePhase.invoke(performByIrFile.kt:38)
	at org.jetbrains.kotlin.backend.common.phaser.NamedCompilerPhase.phaseBody(CompilerPhase.kt:166)
	at org.jetbrains.kotlin.backend.common.phaser.AbstractNamedCompilerPhase.invoke(CompilerPhase.kt:113)
	at org.jetbrains.kotlin.backend.common.phaser.CompositePhase.invoke(PhaseBuilders.kt:27)
	at org.jetbrains.kotlin.backend.common.phaser.CompositePhase.invoke(PhaseBuilders.kt:14)
	at org.jetbrains.kotlin.backend.common.phaser.NamedCompilerPhase.phaseBody(CompilerPhase.kt:166)
	at org.jetbrains.kotlin.backend.common.phaser.AbstractNamedCompilerPhase.invoke(CompilerPhase.kt:113)
	at org.jetbrains.kotlin.backend.common.phaser.CompilerPhaseKt.invokeToplevel(CompilerPhase.kt:62)
	at org.jetbrains.kotlin.backend.jvm.JvmIrCodegenFactory.invokeCodegen(JvmIrCodegenFactory.kt:371)
	at org.jetbrains.kotlin.codegen.CodegenFactory.generateModule(CodegenFactory.kt:47)
	at org.jetbrains.kotlin.backend.jvm.JvmIrCodegenFactory.generateModuleInFrontendIRMode(JvmIrCodegenFactory.kt:433)
	at org.jetbrains.kotlin.cli.jvm.compiler.pipeline.JvmCompilerPipelineKt.generateCodeFromIr(jvmCompilerPipeline.kt:246)
	at org.jetbrains.kotlin.cli.jvm.compiler.pipeline.JvmCompilerPipelineKt.compileModulesUsingFrontendIrAndLightTree(jvmCompilerPipeline.kt:142)
	at org.jetbrains.kotlin.cli.jvm.K2JVMCompiler.doExecute(K2JVMCompiler.kt:148)
	at org.jetbrains.kotlin.cli.jvm.K2JVMCompiler.doExecute(K2JVMCompiler.kt:43)
	at org.jetbrains.kotlin.cli.common.CLICompiler.execImpl(CLICompiler.kt:103)
	at org.jetbrains.kotlin.cli.common.CLICompiler.execImpl(CLICompiler.kt:49)
	at org.jetbrains.kotlin.cli.common.CLITool.exec(CLITool.kt:101)
	at org.jetbrains.kotlin.incremental.IncrementalJvmCompilerRunner.runCompiler(IncrementalJvmCompilerRunner.kt:464)
	at org.jetbrains.kotlin.incremental.IncrementalJvmCompilerRunner.runCompiler(IncrementalJvmCompilerRunner.kt:73)
	at org.jetbrains.kotlin.incremental.IncrementalCompilerRunner.doCompile(IncrementalCompilerRunner.kt:506)
	at org.jetbrains.kotlin.incremental.IncrementalCompilerRunner.compileImpl(IncrementalCompilerRunner.kt:423)
	at org.jetbrains.kotlin.incremental.IncrementalCompilerRunner.compileNonIncrementally(IncrementalCompilerRunner.kt:301)
	at org.jetbrains.kotlin.incremental.IncrementalCompilerRunner.compile(IncrementalCompilerRunner.kt:129)
	at org.jetbrains.kotlin.daemon.CompileServiceImplBase.execIncrementalCompiler(CompileServiceImpl.kt:675)
	at org.jetbrains.kotlin.daemon.CompileServiceImplBase.access$execIncrementalCompiler(CompileServiceImpl.kt:92)
	at org.jetbrains.kotlin.daemon.CompileServiceImpl.compile(CompileServiceImpl.kt:1660)
	at java.base/jdk.internal.reflect.NativeMethodAccessorImpl.invoke0(Native Method)
	at java.base/jdk.internal.reflect.NativeMethodAccessorImpl.invoke(NativeMethodAccessorImpl.java:77)
	at java.base/jdk.internal.reflect.DelegatingMethodAccessorImpl.invoke(DelegatingMethodAccessorImpl.java:43)
	at java.base/java.lang.reflect.Method.invoke(Method.java:569)
	at java.rmi/sun.rmi.server.UnicastServerRef.dispatch(UnicastServerRef.java:360)
	at java.rmi/sun.rmi.transport.Transport$1.run(Transport.java:200)
	at java.rmi/sun.rmi.transport.Transport$1.run(Transport.java:197)
	at java.base/java.security.AccessController.doPrivileged(AccessController.java:712)
	at java.rmi/sun.rmi.transport.Transport.serviceCall(Transport.java:196)
	at java.rmi/sun.rmi.transport.tcp.TCPTransport.handleMessages(TCPTransport.java:587)
	at java.rmi/sun.rmi.transport.tcp.TCPTransport$ConnectionHandler.run0(TCPTransport.java:828)
	at java.rmi/sun.rmi.transport.tcp.TCPTransport$ConnectionHandler.lambda$run$0(TCPTransport.java:705)
	at java.base/java.security.AccessController.doPrivileged(AccessController.java:399)
	at java.rmi/sun.rmi.transport.tcp.TCPTransport$ConnectionHandler.run(TCPTransport.java:704)
	at java.base/java.util.concurrent.ThreadPoolExecutor.runWorker(ThreadPoolExecutor.java:1136)
	at java.base/java.util.concurrent.ThreadPoolExecutor$Worker.run(ThreadPoolExecutor.java:635)
	at java.base/java.lang.Thread.run(Thread.java:840)
Caused by: java.lang.RuntimeException: Exception while generating code for:
FUN name:ConfettiCelebration visibility:internal modality:FINAL <> (modifier:androidx.compose.ui.Modifier, direction:dev.vengateshm.confetti_animation.ConfettiDirection, shape:dev.vengateshm.confetti_animation.ConfettiParticleShape, shouldRotateSquareShape:kotlin.Boolean, confettiCount:kotlin.Int, particleSizeRange:kotlin.ranges.IntRange, particleSpeedRange:kotlin.ranges.ClosedFloatingPointRange<kotlin.Float>, fadeConfig:dev.vengateshm.confetti_animation.FadeConfig, repeatModeConfig:dev.vengateshm.confetti_animation.RepeatModeConfig, emissionModeConfig:dev.vengateshm.confetti_animation.EmissionModeConfig, startConfetti:kotlin.Boolean, content:@[Composable] @[ExtensionFunctionType] kotlin.Function1<androidx.compose.foundation.layout.ColumnScope, kotlin.Unit>) returnType:kotlin.Unit
  annotations:
    Composable
  VALUE_PARAMETER name:modifier index:0 type:androidx.compose.ui.Modifier
    EXPRESSION_BODY
      ERROR_EXPR 'Default Stub' type=androidx.compose.ui.Modifier
  VALUE_PARAMETER name:direction index:1 type:dev.vengateshm.confetti_animation.ConfettiDirection
    EXPRESSION_BODY
      ERROR_EXPR 'Default Stub' type=dev.vengateshm.confetti_animation.ConfettiDirection
  VALUE_PARAMETER name:shape index:2 type:dev.vengateshm.confetti_animation.ConfettiParticleShape
    EXPRESSION_BODY
      ERROR_EXPR 'Default Stub' type=dev.vengateshm.confetti_animation.ConfettiParticleShape
  VALUE_PARAMETER name:shouldRotateSquareShape index:3 type:kotlin.Boolean
    EXPRESSION_BODY
      ERROR_EXPR 'Default Stub' type=kotlin.Boolean
  VALUE_PARAMETER name:confettiCount index:4 type:kotlin.Int
    EXPRESSION_BODY
      ERROR_EXPR 'Default Stub' type=kotlin.Int
  VALUE_PARAMETER name:particleSizeRange index:5 type:kotlin.ranges.IntRange
    EXPRESSION_BODY
      ERROR_EXPR 'Default Stub' type=kotlin.ranges.IntRange
  VALUE_PARAMETER name:particleSpeedRange index:6 type:kotlin.ranges.ClosedFloatingPointRange<kotlin.Float>
    EXPRESSION_BODY
      ERROR_EXPR 'Default Stub' type=kotlin.ranges.ClosedFloatingPointRange<kotlin.Float>
  VALUE_PARAMETER name:fadeConfig index:7 type:dev.vengateshm.confetti_animation.FadeConfig
    EXPRESSION_BODY
      ERROR_EXPR 'Default Stub' type=dev.vengateshm.confetti_animation.FadeConfig
  VALUE_PARAMETER name:repeatModeConfig index:8 type:dev.vengateshm.confetti_animation.RepeatModeConfig
    EXPRESSION_BODY
      ERROR_EXPR 'Default Stub' type=dev.vengateshm.confetti_animation.RepeatModeConfig
  VALUE_PARAMETER name:emissionModeConfig index:9 type:dev.vengateshm.confetti_animation.EmissionModeConfig
    EXPRESSION_BODY
      ERROR_EXPR 'Default Stub' type=dev.vengateshm.confetti_animation.EmissionModeConfig
  VALUE_PARAMETER name:startConfetti index:10 type:kotlin.Boolean
    EXPRESSION_BODY
      ERROR_EXPR 'Default Stub' type=kotlin.Boolean
  VALUE_PARAMETER name:content index:11 type:@[Composable] @[ExtensionFunctionType] kotlin.Function1<androidx.compose.foundation.layout.ColumnScope, kotlin.Unit>
  BLOCK_BODY
    VAR name:particles type:androidx.compose.runtime.snapshots.SnapshotStateList<dev.vengateshm.confetti_animation.ConfettiParticle> [val]
      CALL 'public final fun remember <T> (calculation: @[DisallowComposableCalls] kotlin.Function0<T of androidx.compose.runtime.ComposablesKt.remember>): T of androidx.compose.runtime.ComposablesKt.remember [inline] declared in androidx.compose.runtime.ComposablesKt' type=androidx.compose.runtime.snapshots.SnapshotStateList<dev.vengateshm.confetti_animation.ConfettiParticle> origin=null
        <T>: androidx.compose.runtime.snapshots.SnapshotStateList<dev.vengateshm.confetti_animation.ConfettiParticle>
        calculation: BLOCK type=kotlin.Function0<androidx.compose.runtime.snapshots.SnapshotStateList<dev.vengateshm.confetti_animation.ConfettiParticle>> origin=LAMBDA
          COMPOSITE type=kotlin.Unit origin=null
          FUNCTION_REFERENCE 'private final fun ConfettiCelebration$lambda$0 (): androidx.compose.runtime.snapshots.SnapshotStateList<dev.vengateshm.confetti_animation.ConfettiParticle> declared in dev.vengateshm.confetti_animation.ConfettiCelebrationKt' type=kotlin.Function0<androidx.compose.runtime.snapshots.SnapshotStateList<dev.vengateshm.confetti_animation.ConfettiParticle>> origin=INLINE_LAMBDA reflectionTarget=null
    VAR PROPERTY_DELEGATE name:animationTick$delegate type:androidx.compose.runtime.MutableLongState [val]
      CALL 'public final fun remember <T> (calculation: @[DisallowComposableCalls] kotlin.Function0<T of androidx.compose.runtime.ComposablesKt.remember>): T of androidx.compose.runtime.ComposablesKt.remember [inline] declared in androidx.compose.runtime.ComposablesKt' type=androidx.compose.runtime.MutableLongState origin=null
        <T>: androidx.compose.runtime.MutableLongState
        calculation: BLOCK type=kotlin.Function0<androidx.compose.runtime.MutableLongState> origin=LAMBDA
          COMPOSITE type=kotlin.Unit origin=null
          FUNCTION_REFERENCE 'private final fun ConfettiCelebration$lambda$1 (): androidx.compose.runtime.MutableLongState declared in dev.vengateshm.confetti_animation.ConfettiCelebrationKt' type=kotlin.Function0<androidx.compose.runtime.MutableLongState> origin=INLINE_LAMBDA reflectionTarget=null
    VAR name:isTopToBottom type:kotlin.Boolean [val]
      CALL 'public final fun OROR (arg0: kotlin.Boolean, arg1: kotlin.Boolean): kotlin.Boolean declared in kotlin.internal.ir' type=kotlin.Boolean origin=null
        arg0: CALL 'public final fun EQEQ (arg0: kotlin.Any?, arg1: kotlin.Any?): kotlin.Boolean declared in kotlin.internal.ir' type=kotlin.Boolean origin=EQEQ
          arg0: GET_VAR 'direction: dev.vengateshm.confetti_animation.ConfettiDirection declared in dev.vengateshm.confetti_animation.ConfettiCelebrationKt.ConfettiCelebration' type=dev.vengateshm.confetti_animation.ConfettiDirection origin=null
          arg1: GET_FIELD 'FIELD FIELD_FOR_OBJECT_INSTANCE name:INSTANCE type:dev.vengateshm.confetti_animation.ConfettiDirection.TopToBottom visibility:public [final,static] declared in dev.vengateshm.confetti_animation.ConfettiDirection.TopToBottom' type=dev.vengateshm.confetti_animation.ConfettiDirection.TopToBottom origin=null
        arg1: CALL 'public final fun EQEQ (arg0: kotlin.Any?, arg1: kotlin.Any?): kotlin.Boolean declared in kotlin.internal.ir' type=kotlin.Boolean origin=EQEQ
          arg0: GET_VAR 'direction: dev.vengateshm.confetti_animation.ConfettiDirection declared in dev.vengateshm.confetti_animation.ConfettiCelebrationKt.ConfettiCelebration' type=dev.vengateshm.confetti_animation.ConfettiDirection origin=null
          arg1: GET_FIELD 'FIELD FIELD_FOR_OBJECT_INSTANCE name:INSTANCE type:dev.vengateshm.confetti_animation.ConfettiDirection.RandomTopToBottom visibility:public [final,static] declared in dev.vengateshm.confetti_animation.ConfettiDirection.RandomTopToBottom' type=dev.vengateshm.confetti_animation.ConfettiDirection.RandomTopToBottom origin=null
    VAR name:isRandom type:kotlin.Boolean [val]
      CALL 'public final fun OROR (arg0: kotlin.Boolean, arg1: kotlin.Boolean): kotlin.Boolean declared in kotlin.internal.ir' type=kotlin.Boolean origin=null
        arg0: CALL 'public final fun EQEQ (arg0: kotlin.Any?, arg1: kotlin.Any?): kotlin.Boolean declared in kotlin.internal.ir' type=kotlin.Boolean origin=EQEQ
          arg0: GET_VAR 'direction: dev.vengateshm.confetti_animation.ConfettiDirection declared in dev.vengateshm.confetti_animation.ConfettiCelebrationKt.ConfettiCelebration' type=dev.vengateshm.confetti_animation.ConfettiDirection origin=null
          arg1: GET_FIELD 'FIELD FIELD_FOR_OBJECT_INSTANCE name:INSTANCE type:dev.vengateshm.confetti_animation.ConfettiDirection.RandomTopToBottom visibility:public [final,static] declared in dev.vengateshm.confetti_animation.ConfettiDirection.RandomTopToBottom' type=dev.vengateshm.confetti_animation.ConfettiDirection.RandomTopToBottom origin=null
        arg1: CALL 'public final fun EQEQ (arg0: kotlin.Any?, arg1: kotlin.Any?): kotlin.Boolean declared in kotlin.internal.ir' type=kotlin.Boolean origin=EQEQ
          arg0: GET_VAR 'direction: dev.vengateshm.confetti_animation.ConfettiDirection declared in dev.vengateshm.confetti_animation.ConfettiCelebrationKt.ConfettiCelebration' type=dev.vengateshm.confetti_animation.ConfettiDirection origin=null
          arg1: GET_FIELD 'FIELD FIELD_FOR_OBJECT_INSTANCE name:INSTANCE type:dev.vengateshm.confetti_animation.ConfettiDirection.RandomBottomToTop visibility:public [final,static] declared in dev.vengateshm.confetti_animation.ConfettiDirection.RandomBottomToTop' type=dev.vengateshm.confetti_animation.ConfettiDirection.RandomBottomToTop origin=null
    CALL 'public final fun BoxWithConstraints$default (modifier: androidx.compose.ui.Modifier?, contentAlignment: androidx.compose.ui.Alignment?, propagateMinConstraints: kotlin.Boolean, content: @[Composable] @[UiComposable] @[ExtensionFunctionType] kotlin.Function1<androidx.compose.foundation.layout.BoxWithConstraintsScope, kotlin.Unit>, $mask0: kotlin.Int, $handler: kotlin.Any?): kotlin.Unit declared in androidx.compose.foundation.layout.BoxWithConstraintsKt' type=kotlin.Unit origin=DEFAULT_DISPATCH_CALL
      modifier: CALL 'public final fun fillMaxSize$default (fraction: kotlin.Float, $mask0: kotlin.Int, $handler: kotlin.Any?): androidx.compose.ui.Modifier declared in androidx.compose.foundation.layout.SizeKt' type=androidx.compose.ui.Modifier origin=DEFAULT_DISPATCH_CALL
        $receiver: GET_VAR 'modifier: androidx.compose.ui.Modifier declared in dev.vengateshm.confetti_animation.ConfettiCelebrationKt.ConfettiCelebration' type=androidx.compose.ui.Modifier origin=null
        fraction: COMPOSITE type=kotlin.Float origin=DEFAULT_VALUE
          CONST Float type=kotlin.Float value=0.0
        $mask0: CONST Int type=kotlin.Int value=1
        $handler: CONST Null type=kotlin.Any? value=null
      contentAlignment: COMPOSITE type=androidx.compose.ui.Alignment? origin=DEFAULT_VALUE
        CONST Null type=androidx.compose.ui.Alignment? value=null
      propagateMinConstraints: COMPOSITE type=kotlin.Boolean origin=DEFAULT_VALUE
        CONST Boolean type=kotlin.Boolean value=false
      content: BLOCK type=@[ExtensionFunctionType] kotlin.Function1<androidx.compose.foundation.layout.BoxWithConstraintsScope, kotlin.Unit> origin=LAMBDA
        COMPOSITE type=kotlin.Unit origin=null
        CALL 'public final fun <jvm-indy> <T> (dynamicCall: T of kotlin.jvm.internal.<jvm-indy>, bootstrapMethodHandle: kotlin.Any, vararg bootstrapMethodArguments: kotlin.Any): T of kotlin.jvm.internal.<jvm-indy> declared in kotlin.jvm.internal' type=@[ExtensionFunctionType] kotlin.Function1<androidx.compose.foundation.layout.BoxWithConstraintsScope, kotlin.Unit> origin=null
          <T>: @[ExtensionFunctionType] kotlin.Function1<androidx.compose.foundation.layout.BoxWithConstraintsScope, kotlin.Unit>
          dynamicCall: CALL 'public final fun invoke (p0: kotlin.Boolean, p1: androidx.compose.runtime.snapshots.SnapshotStateList<dev.vengateshm.confetti_animation.ConfettiParticle>, p2: @[Composable] @[ExtensionFunctionType] kotlin.Function1<androidx.compose.foundation.layout.ColumnScope, kotlin.Unit>, p3: kotlin.Int, p4: kotlin.ranges.IntRange, p5: kotlin.ranges.ClosedFloatingPointRange<kotlin.Float>, p6: kotlin.Boolean, p7: kotlin.Boolean, p8: dev.vengateshm.confetti_animation.ConfettiParticleShape, p9: kotlin.Boolean, p10: dev.vengateshm.confetti_animation.FadeConfig, p11: dev.vengateshm.confetti_animation.EmissionModeConfig, p12: dev.vengateshm.confetti_animation.RepeatModeConfig, p13: androidx.compose.runtime.MutableLongState): @[ExtensionFunctionType] kotlin.Function1<androidx.compose.foundation.layout.BoxWithConstraintsScope, kotlin.Unit> declared in kotlin.jvm.internal.invokeDynamic' type=@[ExtensionFunctionType] kotlin.Function1<androidx.compose.foundation.layout.BoxWithConstraintsScope, kotlin.Unit> origin=null
            p0: GET_VAR 'startConfetti: kotlin.Boolean declared in dev.vengateshm.confetti_animation.ConfettiCelebrationKt.ConfettiCelebration' type=kotlin.Boolean origin=null
            p1: GET_VAR 'val particles: androidx.compose.runtime.snapshots.SnapshotStateList<dev.vengateshm.confetti_animation.ConfettiParticle> [val] declared in dev.vengateshm.confetti_animation.ConfettiCelebrationKt.ConfettiCelebration' type=androidx.compose.runtime.snapshots.SnapshotStateList<dev.vengateshm.confetti_animation.ConfettiParticle> origin=null
            p2: GET_VAR 'content: @[Composable] @[ExtensionFunctionType] kotlin.Function1<androidx.compose.foundation.layout.ColumnScope, kotlin.Unit> declared in dev.vengateshm.confetti_animation.ConfettiCelebrationKt.ConfettiCelebration' type=@[Composable] @[ExtensionFunctionType] kotlin.Function1<androidx.compose.foundation.layout.ColumnScope, kotlin.Unit> origin=null
            p3: GET_VAR 'confettiCount: kotlin.Int declared in dev.vengateshm.confetti_animation.ConfettiCelebrationKt.ConfettiCelebration' type=kotlin.Int origin=null
            p4: GET_VAR 'particleSizeRange: kotlin.ranges.IntRange declared in dev.vengateshm.confetti_animation.ConfettiCelebrationKt.ConfettiCelebration' type=kotlin.ranges.IntRange origin=null
            p5: GET_VAR 'particleSpeedRange: kotlin.ranges.ClosedFloatingPointRange<kotlin.Float> declared in dev.vengateshm.confetti_animation.ConfettiCelebrationKt.ConfettiCelebration' type=kotlin.ranges.ClosedFloatingPointRange<kotlin.Float> origin=null
            p6: GET_VAR 'val isTopToBottom: kotlin.Boolean [val] declared in dev.vengateshm.confetti_animation.ConfettiCelebrationKt.ConfettiCelebration' type=kotlin.Boolean origin=null
            p7: GET_VAR 'val isRandom: kotlin.Boolean [val] declared in dev.vengateshm.confetti_animation.ConfettiCelebrationKt.ConfettiCelebration' type=kotlin.Boolean origin=null
            p8: GET_VAR 'shape: dev.vengateshm.confetti_animation.ConfettiParticleShape declared in dev.vengateshm.confetti_animation.ConfettiCelebrationKt.ConfettiCelebration' type=dev.vengateshm.confetti_animation.ConfettiParticleShape origin=null
            p9: GET_VAR 'shouldRotateSquareShape: kotlin.Boolean declared in dev.vengateshm.confetti_animation.ConfettiCelebrationKt.ConfettiCelebration' type=kotlin.Boolean origin=null
            p10: GET_VAR 'fadeConfig: dev.vengateshm.confetti_animation.FadeConfig declared in dev.vengateshm.confetti_animation.ConfettiCelebrationKt.ConfettiCelebration' type=dev.vengateshm.confetti_animation.FadeConfig origin=null
            p11: GET_VAR 'emissionModeConfig: dev.vengateshm.confetti_animation.EmissionModeConfig declared in dev.vengateshm.confetti_animation.ConfettiCelebrationKt.ConfettiCelebration' type=dev.vengateshm.confetti_animation.EmissionModeConfig origin=null
            p12: GET_VAR 'repeatModeConfig: dev.vengateshm.confetti_animation.RepeatModeConfig declared in dev.vengateshm.confetti_animation.ConfettiCelebrationKt.ConfettiCelebration' type=dev.vengateshm.confetti_animation.RepeatModeConfig origin=null
            p13: GET_VAR 'val animationTick$delegate: androidx.compose.runtime.MutableLongState [val] declared in dev.vengateshm.confetti_animation.ConfettiCelebrationKt.ConfettiCelebration' type=androidx.compose.runtime.MutableLongState origin=null
          bootstrapMethodHandle: CALL 'public final fun <jvm-method-handle> (tag: kotlin.Int, owner: kotlin.String, name: kotlin.String, descriptor: kotlin.String, isInterface: kotlin.Boolean): kotlin.Any declared in kotlin.jvm.internal' type=kotlin.Any origin=null
            tag: CONST Int type=kotlin.Int value=6
            owner: CONST String type=kotlin.String value="java/lang/invoke/LambdaMetafactory"
            name: CONST String type=kotlin.String value="metafactory"
            descriptor: CONST String type=kotlin.String value="(Ljava/lang/invoke/MethodHandles$Lookup;Ljava/lang/String;Ljava/lang/invoke/MethodType;Ljava/lang/invoke/MethodType;Ljava/lang/invoke/MethodHandle;Ljava/lang/invoke/MethodType;)Ljava/lang/invoke/CallSite;"
            isInterface: CONST Boolean type=kotlin.Boolean value=false
          bootstrapMethodArguments: VARARG type=kotlin.Array<kotlin.Any> varargElementType=kotlin.Any
            CALL 'public final fun <jvm-original-method-type> (method: kotlin.Any): kotlin.Any declared in kotlin.jvm.internal' type=kotlin.Any origin=null
              method: RAW_FUNCTION_REFERENCE 'public abstract fun invoke (p1: P1 of kotlin.Function1): R of kotlin.Function1 [operator] declared in kotlin.Function1' type=kotlin.Any
            RAW_FUNCTION_REFERENCE 'private final fun ConfettiCelebration$lambda$10 ($startConfetti: kotlin.Boolean, $particles: androidx.compose.runtime.snapshots.SnapshotStateList<dev.vengateshm.confetti_animation.ConfettiParticle>, $content: @[Composable] @[ExtensionFunctionType] kotlin.Function1<androidx.compose.foundation.layout.ColumnScope, kotlin.Unit>, $confettiCount: kotlin.Int, $particleSizeRange: kotlin.ranges.IntRange, $particleSpeedRange: kotlin.ranges.ClosedFloatingPointRange<kotlin.Float>, $isTopToBottom: kotlin.Boolean, $isRandom: kotlin.Boolean, $shape: dev.vengateshm.confetti_animation.ConfettiParticleShape, $shouldRotateSquareShape: kotlin.Boolean, $fadeConfig: dev.vengateshm.confetti_animation.FadeConfig, $emissionModeConfig: dev.vengateshm.confetti_animation.EmissionModeConfig, $repeatModeConfig: dev.vengateshm.confetti_animation.RepeatModeConfig, $animationTick$delegate: androidx.compose.runtime.MutableLongState, $this$BoxWithConstraints: androidx.compose.foundation.layout.BoxWithConstraintsScope): kotlin.Unit? declared in dev.vengateshm.confetti_animation.ConfettiCelebrationKt' type=kotlin.Any
            CALL 'public final fun <jvm-original-method-type> (method: kotlin.Any): kotlin.Any declared in kotlin.jvm.internal' type=kotlin.Any origin=null
              method: RAW_FUNCTION_REFERENCE 'public abstract fun invoke (p1: androidx.compose.foundation.layout.BoxWithConstraintsScope): kotlin.Unit? [fake_override,operator] declared in kotlin.jvm.internal.invokeDynamic.<fake>' type=kotlin.Any
      $mask0: CONST Int type=kotlin.Int value=6
      $handler: CONST Null type=kotlin.Any? value=null

	at org.jetbrains.kotlin.backend.jvm.codegen.FunctionCodegen.generate(FunctionCodegen.kt:47)
	at org.jetbrains.kotlin.backend.jvm.codegen.FunctionCodegen.generate$default(FunctionCodegen.kt:40)
	at org.jetbrains.kotlin.backend.jvm.codegen.ClassCodegen.generateMethodNode(ClassCodegen.kt:406)
	at org.jetbrains.kotlin.backend.jvm.codegen.ClassCodegen.generateMethod(ClassCodegen.kt:423)
	at org.jetbrains.kotlin.backend.jvm.codegen.ClassCodegen.generate(ClassCodegen.kt:168)
	at org.jetbrains.kotlin.backend.jvm.FileCodegen.lower(JvmPhases.kt:39)
	at org.jetbrains.kotlin.backend.common.phaser.PhaseFactoriesKt.createFilePhase$lambda$4(PhaseFactories.kt:71)
	at org.jetbrains.kotlin.backend.common.phaser.PhaseBuildersKt$createSimpleNamedCompilerPhase$1.phaseBody(PhaseBuilders.kt:69)
	at org.jetbrains.kotlin.backend.common.phaser.SimpleNamedCompilerPhase.phaseBody(CompilerPhase.kt:226)
	at org.jetbrains.kotlin.backend.common.phaser.AbstractNamedCompilerPhase.invoke(CompilerPhase.kt:113)
	at org.jetbrains.kotlin.backend.common.phaser.PerformByIrFilePhase.invokeSequential(performByIrFile.kt:62)
	... 45 more
Caused by: org.jetbrains.kotlin.codegen.CompilationException: Back-end (JVM) Internal error: Couldn't inline method call: CALL 'public final fun remember <T> (calculation: @[DisallowComposableCalls] kotlin.Function0<T of androidx.compose.runtime.ComposablesKt.remember>): T of androidx.compose.runtime.ComposablesKt.remember [inline] declared in androidx.compose.runtime.ComposablesKt' type=androidx.compose.runtime.snapshots.SnapshotStateList<dev.vengateshm.confetti_animation.ConfettiParticle> origin=null
Method: null
File is unknown
The root cause java.lang.IllegalStateException was thrown at: org.jetbrains.kotlin.codegen.inline.SourceCompilerForInlineKt.getMethodNode(SourceCompilerForInline.kt:118)
	at org.jetbrains.kotlin.codegen.inline.InlineCodegen.performInline(InlineCodegen.kt:65)
	at org.jetbrains.kotlin.backend.jvm.codegen.IrInlineCodegen.genInlineCall(IrInlineCodegen.kt:163)
	at org.jetbrains.kotlin.backend.jvm.codegen.IrInlineCallGenerator.genCall(IrInlineCallGenerator.kt:36)
	at org.jetbrains.kotlin.backend.jvm.codegen.ExpressionCodegen.visitCall(ExpressionCodegen.kt:653)
	at org.jetbrains.kotlin.backend.jvm.codegen.ExpressionCodegen.visitCall(ExpressionCodegen.kt:138)
	at org.jetbrains.kotlin.ir.expressions.IrCall.accept(IrCall.kt:24)
	at org.jetbrains.kotlin.backend.jvm.codegen.ExpressionCodegen.visitVariable(ExpressionCodegen.kt:790)
	at org.jetbrains.kotlin.backend.jvm.codegen.ExpressionCodegen.visitVariable(ExpressionCodegen.kt:138)
	at org.jetbrains.kotlin.ir.declarations.IrVariable.accept(IrVariable.kt:36)
	at org.jetbrains.kotlin.backend.jvm.codegen.ExpressionCodegen.visitStatementContainer(ExpressionCodegen.kt:579)
	at org.jetbrains.kotlin.backend.jvm.codegen.ExpressionCodegen.visitBlockBody(ExpressionCodegen.kt:584)
	at org.jetbrains.kotlin.backend.jvm.codegen.ExpressionCodegen.visitBlockBody(ExpressionCodegen.kt:138)
	at org.jetbrains.kotlin.ir.expressions.IrBlockBody.accept(IrBlockBody.kt:20)
	at org.jetbrains.kotlin.backend.jvm.codegen.ExpressionCodegen.generate(ExpressionCodegen.kt:240)
	at org.jetbrains.kotlin.backend.jvm.codegen.FunctionCodegen.doGenerate(FunctionCodegen.kt:123)
	at org.jetbrains.kotlin.backend.jvm.codegen.FunctionCodegen.generate(FunctionCodegen.kt:44)
	... 55 more
Caused by: java.lang.IllegalStateException: couldn't find inline method Landroidx/compose/runtime/ComposablesKt;.remember(Lkotlin/jvm/functions/Function0;)Ljava/lang/Object;
	at org.jetbrains.kotlin.codegen.inline.SourceCompilerForInlineKt.getMethodNode(SourceCompilerForInline.kt:118)
	at org.jetbrains.kotlin.codegen.inline.SourceCompilerForInlineKt.loadCompiledInlineFunction(SourceCompilerForInline.kt:96)
	at org.jetbrains.kotlin.backend.jvm.codegen.IrSourceCompilerForInline.compileInlineFunction(IrSourceCompilerForInline.kt:91)
	at org.jetbrains.kotlin.codegen.inline.InlineCodegen.compileInline(InlineCodegen.kt:43)
	at org.jetbrains.kotlin.codegen.inline.InlineCodegen.performInline(InlineCodegen.kt:51)
	... 70 more


